<?xml version="1.0" encoding="UTF-8"?>
<!-- Generated by org.testng.reporters.JUnitXMLReporter -->
<testsuite ignored="0" hostname="LAPTOP-JF7LLMJD" failures="0" tests="3" name="Default test" time="1.921" errors="0" timestamp="2024-12-23T19:40:36 EST">
  <testcase classname="responseData.ParsingXMLResponse" name="testXMLResponse" time="1.559"/>
  <testcase classname="responseData.ParsingXMLResponse" name="testXMLResponse1" time="0.15"/>
  <testcase classname="responseData.ParsingXMLResponse" name="testXMLResponse2" time="0.176"/>
</testsuite> <!-- Default test -->
