<?xml version="1.0" encoding="UTF-8"?>
<testng-results ignored="0" total="1" passed="1" failed="0" skipped="0">
  <reporter-output>
  </reporter-output>
  <suite started-at="2024-12-22T20:06:51 EST" name="Default suite" finished-at="2024-12-22T20:06:52 EST" duration-ms="1454">
    <groups>
    </groups>
    <test started-at="2024-12-22T20:06:51 EST" name="Default test" finished-at="2024-12-22T20:06:52 EST" duration-ms="1454">
      <class name="params.Logging">
        <test-method signature="testLog()[pri:0, instance:params.Logging@4b8ee4de]" started-at="2024-12-22T20:06:51 EST" name="testLog" finished-at="2024-12-22T20:06:52 EST" duration-ms="1413" status="PASS">
          <reporter-output>
          </reporter-output>
        </test-method> <!-- testLog -->
      </class> <!-- params.Logging -->
    </test> <!-- Default test -->
  </suite> <!-- Default suite -->
</testng-results>
