<?xml version="1.0" encoding="UTF-8"?>
<testng-results ignored="0" total="3" passed="3" failed="0" skipped="0">
  <reporter-output>
  </reporter-output>
  <suite started-at="2024-12-23T19:40:34 EST" name="Default suite" finished-at="2024-12-23T19:40:36 EST" duration-ms="1921">
    <groups>
    </groups>
    <test started-at="2024-12-23T19:40:34 EST" name="Default test" finished-at="2024-12-23T19:40:36 EST" duration-ms="1921">
      <class name="responseData.ParsingXMLResponse">
        <test-method signature="testXMLResponse()[pri:0, instance:responseData.ParsingXMLResponse@4b8ee4de]" started-at="2024-12-23T19:40:34 EST" name="testXMLResponse" finished-at="2024-12-23T19:40:36 EST" duration-ms="1559" status="PASS">
          <reporter-output>
          </reporter-output>
        </test-method> <!-- testXMLResponse -->
        <test-method signature="testXMLResponse1()[pri:0, instance:responseData.ParsingXMLResponse@4b8ee4de]" started-at="2024-12-23T19:40:36 EST" name="testXMLResponse1" finished-at="2024-12-23T19:40:36 EST" duration-ms="150" status="PASS">
          <reporter-output>
          </reporter-output>
        </test-method> <!-- testXMLResponse1 -->
        <test-method signature="testXMLResponse2()[pri:0, instance:responseData.ParsingXMLResponse@4b8ee4de]" started-at="2024-12-23T19:40:36 EST" name="testXMLResponse2" finished-at="2024-12-23T19:40:36 EST" duration-ms="176" status="PASS">
          <reporter-output>
          </reporter-output>
        </test-method> <!-- testXMLResponse2 -->
      </class> <!-- responseData.ParsingXMLResponse -->
    </test> <!-- Default test -->
  </suite> <!-- Default suite -->
</testng-results>
